<?xml version="1.0" encoding="UTF-8"?>
<coverage generated="1702762457378" clover="3.2.0">
  <project timestamp="1702762457379" name="All files">
    <metrics statements="15" coveredstatements="13" conditionals="6" coveredconditionals="6" methods="5" coveredmethods="5" elements="26" coveredelements="24" complexity="0" loc="15" ncloc="15" packages="1" files="1" classes="1"/>
    <file name="index.js" path="/home/frank/quality-env-tests/src/index.js">
      <metrics statements="15" coveredstatements="13" conditionals="6" coveredconditionals="6" methods="5" coveredmethods="5"/>
      <line num="2" count="4" type="stmt"/>
      <line num="4" count="1" type="stmt"/>
      <line num="5" count="3" type="cond" truecount="4" falsecount="0"/>
      <line num="6" count="1" type="stmt"/>
      <line num="9" count="2" type="stmt"/>
      <line num="23" count="1" type="stmt"/>
      <line num="25" count="1" type="stmt"/>
      <line num="26" count="35356" type="stmt"/>
      <line num="28" count="35356" type="stmt"/>
      <line num="29" count="0" type="stmt"/>
      <line num="32" count="0" type="stmt"/>
      <line num="35" count="1" type="stmt"/>
      <line num="36" count="3" type="cond" truecount="2" falsecount="0"/>
      <line num="37" count="2" type="stmt"/>
      <line num="40" count="1" type="stmt"/>
    </file>
  </project>
</coverage>
