<?xml version="1.0" encoding="UTF-8"?>
<coverage generated="1702762706836" clover="3.2.0">
  <project timestamp="1702762706836" name="All files">
    <metrics statements="21" coveredstatements="19" conditionals="12" coveredconditionals="12" methods="6" coveredmethods="6" elements="39" coveredelements="37" complexity="0" loc="21" ncloc="21" packages="1" files="1" classes="1"/>
    <file name="index.js" path="/home/frank/quality-env-tests/src/index.js">
      <metrics statements="21" coveredstatements="19" conditionals="12" coveredconditionals="12" methods="6" coveredmethods="6"/>
      <line num="2" count="4" type="stmt"/>
      <line num="4" count="1" type="stmt"/>
      <line num="5" count="3" type="cond" truecount="4" falsecount="0"/>
      <line num="6" count="1" type="stmt"/>
      <line num="9" count="2" type="stmt"/>
      <line num="23" count="1" type="stmt"/>
      <line num="25" count="1" type="stmt"/>
      <line num="26" count="35356" type="stmt"/>
      <line num="28" count="35356" type="stmt"/>
      <line num="29" count="0" type="stmt"/>
      <line num="32" count="0" type="stmt"/>
      <line num="35" count="1" type="stmt"/>
      <line num="36" count="3" type="cond" truecount="2" falsecount="0"/>
      <line num="37" count="2" type="stmt"/>
      <line num="40" count="1" type="stmt"/>
      <line num="43" count="1" type="stmt"/>
      <line num="44" count="21" type="cond" truecount="2" falsecount="0"/>
      <line num="45" count="2" type="stmt"/>
      <line num="48" count="19" type="cond" truecount="4" falsecount="0"/>
      <line num="49" count="12" type="stmt"/>
      <line num="52" count="7" type="stmt"/>
    </file>
  </project>
</coverage>
