TN:
SF:src/index.js
FN:1,(anonymous_0)
FN:2,(anonymous_1)
FN:9,(anonymous_2)
FN:11,(anonymous_3)
FN:19,(anonymous_4)
FN:27,(anonymous_5)
FN:38,(anonymous_6)
FN:47,(anonymous_7)
FN:57,(anonymous_8)
FNF:9
FNH:7
FNDA:4,(anonymous_0)
FNDA:3,(anonymous_1)
FNDA:1,(anonymous_2)
FNDA:0,(anonymous_3)
FNDA:3,(anonymous_4)
FNDA:21,(anonymous_5)
FNDA:0,(anonymous_6)
FNDA:1,(anonymous_7)
FNDA:2,(anonymous_8)
DA:1,4
DA:2,1
DA:3,3
DA:4,1
DA:7,2
DA:9,1
DA:11,1
DA:12,0
DA:13,0
DA:14,0
DA:16,0
DA:19,1
DA:20,3
DA:21,2
DA:24,1
DA:27,1
DA:28,21
DA:29,2
DA:32,19
DA:33,12
DA:36,7
DA:38,1
DA:39,0
DA:40,0
DA:41,0
DA:42,0
DA:44,0
DA:47,1
DA:48,1
DA:50,1
DA:51,0
DA:54,1
DA:57,1
DA:58,2
DA:60,2
DA:61,18
DA:63,18
DA:64,5
DA:66,18
DA:67,10
DA:69,18
DA:70,3
DA:72,18
DA:73,2
DA:77,2
LF:45
LH:35
BRDA:3,0,0,1
BRDA:3,0,1,2
BRDA:3,1,0,3
BRDA:3,1,1,2
BRDA:20,2,0,2
BRDA:20,2,1,1
BRDA:28,3,0,2
BRDA:28,3,1,19
BRDA:32,4,0,12
BRDA:32,4,1,7
BRDA:32,5,0,19
BRDA:32,5,1,14
BRDA:63,6,0,5
BRDA:63,6,1,13
BRDA:63,7,0,18
BRDA:63,7,1,13
BRDA:66,8,0,10
BRDA:66,8,1,8
BRDA:66,9,0,18
BRDA:66,9,1,10
BRDA:69,10,0,3
BRDA:69,10,1,15
BRDA:69,11,0,18
BRDA:69,11,1,16
BRDA:72,12,0,2
BRDA:72,12,1,16
BRF:26
BRH:26
end_of_record
