TN:
SF:src/index.js
FN:1,(anonymous_0)
FN:2,(anonymous_1)
FN:9,(anonymous_2)
FN:10,(anonymous_3)
FN:18,(anonymous_4)
FN:29,(anonymous_5)
FN:39,(anonymous_6)
FNF:7
FNH:6
FNDA:4,(anonymous_0)
FNDA:3,(anonymous_1)
FNDA:1,(anonymous_2)
FNDA:3,(anonymous_3)
FNDA:21,(anonymous_4)
FNDA:0,(anonymous_5)
FNDA:2,(anonymous_6)
DA:1,4
DA:2,1
DA:3,3
DA:4,1
DA:7,2
DA:9,1
DA:10,1
DA:11,3
DA:12,2
DA:15,1
DA:18,1
DA:19,21
DA:20,2
DA:23,19
DA:24,12
DA:27,7
DA:29,1
DA:30,0
DA:32,0
DA:33,0
DA:36,0
DA:39,1
DA:40,2
DA:42,2
DA:43,18
DA:45,18
DA:46,5
DA:48,18
DA:49,10
DA:51,18
DA:52,3
DA:54,18
DA:55,2
DA:59,2
LF:34
LH:30
BRDA:3,0,0,1
BRDA:3,0,1,2
BRDA:3,1,0,3
BRDA:3,1,1,2
BRDA:11,2,0,2
BRDA:11,2,1,1
BRDA:19,3,0,2
BRDA:19,3,1,19
BRDA:23,4,0,12
BRDA:23,4,1,7
BRDA:23,5,0,19
BRDA:23,5,1,14
BRDA:45,6,0,5
BRDA:45,6,1,13
BRDA:45,7,0,18
BRDA:45,7,1,13
BRDA:48,8,0,10
BRDA:48,8,1,8
BRDA:48,9,0,18
BRDA:48,9,1,10
BRDA:51,10,0,3
BRDA:51,10,1,15
BRDA:51,11,0,18
BRDA:51,11,1,16
BRDA:54,12,0,2
BRDA:54,12,1,16
BRF:26
BRH:26
end_of_record
